# JRE version: OpenJDK Runtime Environment (8.0_76-b03) (build 1.8.0_76-release-b03)
# Java VM: OpenJDK 64-Bit Server VM (25.76-b03 mixed mode windows-amd64 compressed oops)
Heap:
 PSYoungGen      total 137728K, used 137700K [0x00000000e0000000, 0x00000000e9b00000, 0x0000000100000000)
  eden space 125952K, 100% used [0x00000000e0000000,0x00000000e7b00000,0x00000000e7b00000)
  from space 11776K, 99% used [0x00000000e8900000,0x00000000e9479378,0x00000000e9480000)
  to   space 14336K, 0% used [0x00000000e7b00000,0x00000000e7b00000,0x00000000e8900000)
 ParOldGen       total 86528K, used 22794K [0x00000000a0000000, 0x00000000a5480000, 0x00000000e0000000)
  object space 86528K, 26% used [0x00000000a0000000,0x00000000a1642888,0x00000000a5480000)
 Metaspace       used 51348K, capacity 53132K, committed 53296K, reserved 1095680K
  class space    used 7007K, capacity 7435K, committed 7472K, reserved 1048576K
GC Heap History (10 events):
Event: 6.153 GC heap before
{Heap before GC invocations=8 (full 1):
 PSYoungGen      total 79872K, used 76398K [0x00000000e0000000, 0x00000000e5780000, 0x0000000100000000)
  eden space 70144K, 100% used [0x00000000e0000000,0x00000000e4480000,0x00000000e4480000)
  from space 9728K, 64% used [0x00000000e4e00000,0x00000000e541ba28,0x00000000e5780000)
  to   space 9728K, 0% used [0x00000000e4480000,0x00000000e4480000,0x00000000e4e00000)
 ParOldGen       total 60416K, used 16225K [0x00000000a0000000, 0x00000000a3b00000, 0x00000000e0000000)
  object space 60416K, 26% used [0x00000000a0000000,0x00000000a0fd8728,0x00000000a3b00000)
 Metaspace       used 29286K, capacity 29964K, committed 30128K, reserved 1075200K
  class space    used 3968K, capacity 4155K, committed 4272K, reserved 1048576K
Event: 6.193 GC heap after
Heap after GC invocations=8 (full 1):
 PSYoungGen      total 79872K, used 5698K [0x00000000e0000000, 0x00000000e7880000, 0x0000000100000000)
  eden space 70144K, 0% used [0x00000000e0000000,0x00000000e0000000,0x00000000e4480000)
  from space 9728K, 58% used [0x00000000e4480000,0x00000000e4a10ab0,0x00000000e4e00000)
  to   space 9216K, 0% used [0x00000000e6f80000,0x00000000e6f80000,0x00000000e7880000)
 ParOldGen       total 60416K, used 16225K [0x00000000a0000000, 0x00000000a3b00000, 0x00000000e0000000)
  object space 60416K, 26% used [0x00000000a0000000,0x00000000a0fd8728,0x00000000a3b00000)
 Metaspace       used 29286K, capacity 29964K, committed 30128K, reserved 1075200K
  class space    used 3968K, capacity 4155K, committed 4272K, reserved 1048576K
}
Event: 7.053 GC heap before
{Heap before GC invocations=9 (full 1):
 PSYoungGen      total 79872K, used 75243K [0x00000000e0000000, 0x00000000e7880000, 0x0000000100000000)
  eden space 70144K, 99% used [0x00000000e0000000,0x00000000e43ea310,0x00000000e4480000)
  from space 9728K, 58% used [0x00000000e4480000,0x00000000e4a10ab0,0x00000000e4e00000)
  to   space 9216K, 0% used [0x00000000e6f80000,0x00000000e6f80000,0x00000000e7880000)
 ParOldGen       total 60416K, used 16225K [0x00000000a0000000, 0x00000000a3b00000, 0x00000000e0000000)
  object space 60416K, 26% used [0x00000000a0000000,0x00000000a0fd8728,0x00000000a3b00000)
 Metaspace       used 34654K, capacity 35334K, committed 35496K, reserved 1079296K
  class space    used 4646K, capacity 4834K, committed 4912K, reserved 1048576K
Event: 7.080 GC heap after
Heap after GC invocations=9 (full 1):
 PSYoungGen      total 112128K, used 9210K [0x00000000e0000000, 0x00000000e7f80000, 0x0000000100000000)
  eden space 102912K, 0% used [0x00000000e0000000,0x00000000e0000000,0x00000000e6480000)
  from space 9216K, 99% used [0x00000000e6f80000,0x00000000e787ebe8,0x00000000e7880000)
  to   space 11264K, 0% used [0x00000000e6480000,0x00000000e6480000,0x00000000e6f80000)
 ParOldGen       total 60416K, used 17814K [0x00000000a0000000, 0x00000000a3b00000, 0x00000000e0000000)
  object space 60416K, 29% used [0x00000000a0000000,0x00000000a1165bf8,0x00000000a3b00000)
 Metaspace       used 34654K, capacity 35334K, committed 35496K, reserved 1079296K
  class space    used 4646K, capacity 4834K, committed 4912K, reserved 1048576K
}
Event: 7.080 GC heap before
{Heap before GC invocations=10 (full 2):
 PSYoungGen      total 112128K, used 9210K [0x00000000e0000000, 0x00000000e7f80000, 0x0000000100000000)
  eden space 102912K, 0% used [0x00000000e0000000,0x00000000e0000000,0x00000000e6480000)
  from space 9216K, 99% used [0x00000000e6f80000,0x00000000e787ebe8,0x00000000e7880000)
  to   space 11264K, 0% used [0x00000000e6480000,0x00000000e6480000,0x00000000e6f80000)
 ParOldGen       total 60416K, used 17814K [0x00000000a0000000, 0x00000000a3b00000, 0x00000000e0000000)
  object space 60416K, 29% used [0x00000000a0000000,0x00000000a1165bf8,0x00000000a3b00000)
 Metaspace       used 34654K, capacity 35334K, committed 35496K, reserved 1079296K
  class space    used 4646K, capacity 4834K, committed 4912K, reserved 1048576K
Event: 7.208 GC heap after
Heap after GC invocations=10 (full 2):
 PSYoungGen      total 112128K, used 0K [0x00000000e0000000, 0x00000000e7f80000, 0x0000000100000000)
  eden space 102912K, 0% used [0x00000000e0000000,0x00000000e0000000,0x00000000e6480000)
  from space 9216K, 0% used [0x00000000e6f80000,0x00000000e6f80000,0x00000000e7880000)
  to   space 11264K, 0% used [0x00000000e6480000,0x00000000e6480000,0x00000000e6f80000)
 ParOldGen       total 86528K, used 18630K [0x00000000a0000000, 0x00000000a5480000, 0x00000000e0000000)
  object space 86528K, 21% used [0x00000000a0000000,0x00000000a1231870,0x00000000a5480000)
 Metaspace       used 34654K, capacity 35334K, committed 35496K, reserved 1079296K
  class space    used 4646K, capacity 4834K, committed 4912K, reserved 1048576K
}
Event: 8.381 GC heap before
{Heap before GC invocations=11 (full 2):
 PSYoungGen      total 112128K, used 102912K [0x00000000e0000000, 0x00000000e7f80000, 0x0000000100000000)
  eden space 102912K, 100% used [0x00000000e0000000,0x00000000e6480000,0x00000000e6480000)
  from space 9216K, 0% used [0x00000000e6f80000,0x00000000e6f80000,0x00000000e7880000)
  to   space 11264K, 0% used [0x00000000e6480000,0x00000000e6480000,0x00000000e6f80000)
 ParOldGen       total 86528K, used 18630K [0x00000000a0000000, 0x00000000a5480000, 0x00000000e0000000)
  object space 86528K, 21% used [0x00000000a0000000,0x00000000a1231870,0x00000000a5480000)
 Metaspace       used 41963K, capacity 42908K, committed 43312K, reserved 1087488K
  class space    used 5582K, capacity 5812K, committed 5936K, reserved 1048576K
Event: 8.395 GC heap after
Heap after GC invocations=11 (full 2):
 PSYoungGen      total 114176K, used 9107K [0x00000000e0000000, 0x00000000e9480000, 0x0000000100000000)
  eden space 102912K, 0% used [0x00000000e0000000,0x00000000e0000000,0x00000000e6480000)
  from space 11264K, 80% used [0x00000000e6480000,0x00000000e6d64ca0,0x00000000e6f80000)
  to   space 11776K, 0% used [0x00000000e8900000,0x00000000e8900000,0x00000000e9480000)
 ParOldGen       total 86528K, used 18702K [0x00000000a0000000, 0x00000000a5480000, 0x00000000e0000000)
  object space 86528K, 21% used [0x00000000a0000000,0x00000000a1243880,0x00000000a5480000)
 Metaspace       used 41963K, capacity 42908K, committed 43312K, reserved 1087488K
  class space    used 5582K, capacity 5812K, committed 5936K, reserved 1048576K
}
Event: 9.863 GC heap before
{Heap before GC invocations=12 (full 2):
 PSYoungGen      total 114176K, used 112019K [0x00000000e0000000, 0x00000000e9480000, 0x0000000100000000)
  eden space 102912K, 100% used [0x00000000e0000000,0x00000000e6480000,0x00000000e6480000)
  from space 11264K, 80% used [0x00000000e6480000,0x00000000e6d64ca0,0x00000000e6f80000)
  to   space 11776K, 0% used [0x00000000e8900000,0x00000000e8900000,0x00000000e9480000)
 ParOldGen       total 86528K, used 18702K [0x00000000a0000000, 0x00000000a5480000, 0x00000000e0000000)
  object space 86528K, 21% used [0x00000000a0000000,0x00000000a1243880,0x00000000a5480000)
 Metaspace       used 46973K, capacity 48378K, committed 48688K, reserved 1091584K
  class space    used 6294K, capacity 6617K, committed 6704K, reserved 1048576K
Event: 9.901 GC heap after
Heap after GC invocations=12 (full 2):
 PSYoungGen      total 137728K, used 11748K [0x00000000e0000000, 0x00000000e9b00000, 0x0000000100000000)
  eden space 125952K, 0% used [0x00000000e0000000,0x00000000e0000000,0x00000000e7b00000)
  from space 11776K, 99% used [0x00000000e8900000,0x00000000e9479378,0x00000000e9480000)
  to   space 14336K, 0% used [0x00000000e7b00000,0x00000000e7b00000,0x00000000e8900000)
 ParOldGen       total 86528K, used 22794K [0x00000000a0000000, 0x00000000a5480000, 0x00000000e0000000)
  object space 86528K, 26% used [0x00000000a0000000,0x00000000a1642888,0x00000000a5480000)
 Metaspace       used 46973K, capacity 48378K, committed 48688K, reserved 1091584K
  class space    used 6294K, capacity 6617K, committed 6704K, reserved 1048576K
}

