# JRE version: OpenJDK Runtime Environment (8.0_76-b03) (build 1.8.0_76-release-b03)
# Java VM: OpenJDK 64-Bit Server VM (25.76-b03 mixed mode windows-amd64 compressed oops)
Heap:
 PSYoungGen      total 327168K, used 142878K [0x00000000e0000000, 0x00000000f6a00000, 0x0000000100000000)
  eden space 300032K, 42% used [0x00000000e0000000,0x00000000e7c92c60,0x00000000f2500000)
  from space 27136K, 56% used [0x00000000f4000000,0x00000000f4ef4d60,0x00000000f5a80000)
  to   space 27648K, 0% used [0x00000000f2500000,0x00000000f2500000,0x00000000f4000000)
 ParOldGen       total 121856K, used 34752K [0x00000000a0000000, 0x00000000a7700000, 0x00000000e0000000)
  object space 121856K, 28% used [0x00000000a0000000,0x00000000a21f0358,0x00000000a7700000)
 Metaspace       used 65371K, capacity 68170K, committed 68480K, reserved 1110016K
  class space    used 8040K, capacity 8468K, committed 8576K, reserved 1048576K
GC Heap History (10 events):
Event: 248.756 GC heap before
{Heap before GC invocations=24 (full 5):
 PSYoungGen      total 310784K, used 282624K [0x00000000e0000000, 0x00000000f4c00000, 0x0000000100000000)
  eden space 282624K, 100% used [0x00000000e0000000,0x00000000f1400000,0x00000000f1400000)
  from space 28160K, 0% used [0x00000000f3080000,0x00000000f3080000,0x00000000f4c00000)
  to   space 28672K, 0% used [0x00000000f1400000,0x00000000f1400000,0x00000000f3000000)
 ParOldGen       total 121856K, used 33714K [0x00000000a0000000, 0x00000000a7700000, 0x00000000e0000000)
  object space 121856K, 27% used [0x00000000a0000000,0x00000000a20ec980,0x00000000a7700000)
 Metaspace       used 64141K, capacity 66310K, committed 66432K, reserved 1107968K
  class space    used 7931K, capacity 8287K, committed 8320K, reserved 1048576K
Event: 248.763 GC heap after
Heap after GC invocations=24 (full 5):
 PSYoungGen      total 311296K, used 4000K [0x00000000e0000000, 0x00000000f6100000, 0x0000000100000000)
  eden space 282624K, 0% used [0x00000000e0000000,0x00000000e0000000,0x00000000f1400000)
  from space 28672K, 13% used [0x00000000f1400000,0x00000000f17e8000,0x00000000f3000000)
  to   space 28160K, 0% used [0x00000000f4580000,0x00000000f4580000,0x00000000f6100000)
 ParOldGen       total 121856K, used 33722K [0x00000000a0000000, 0x00000000a7700000, 0x00000000e0000000)
  object space 121856K, 27% used [0x00000000a0000000,0x00000000a20ee980,0x00000000a7700000)
 Metaspace       used 64141K, capacity 66310K, committed 66432K, reserved 1107968K
  class space    used 7931K, capacity 8287K, committed 8320K, reserved 1048576K
}
Event: 352.654 GC heap before
{Heap before GC invocations=25 (full 5):
 PSYoungGen      total 311296K, used 286624K [0x00000000e0000000, 0x00000000f6100000, 0x0000000100000000)
  eden space 282624K, 100% used [0x00000000e0000000,0x00000000f1400000,0x00000000f1400000)
  from space 28672K, 13% used [0x00000000f1400000,0x00000000f17e8000,0x00000000f3000000)
  to   space 28160K, 0% used [0x00000000f4580000,0x00000000f4580000,0x00000000f6100000)
 ParOldGen       total 121856K, used 33722K [0x00000000a0000000, 0x00000000a7700000, 0x00000000e0000000)
  object space 121856K, 27% used [0x00000000a0000000,0x00000000a20ee980,0x00000000a7700000)
 Metaspace       used 64487K, capacity 66744K, committed 67072K, reserved 1107968K
  class space    used 7953K, capacity 8321K, committed 8448K, reserved 1048576K
Event: 352.661 GC heap after
Heap after GC invocations=25 (full 5):
 PSYoungGen      total 323072K, used 3072K [0x00000000e0000000, 0x00000000f5b80000, 0x0000000100000000)
  eden space 300544K, 0% used [0x00000000e0000000,0x00000000e0000000,0x00000000f2580000)
  from space 22528K, 13% used [0x00000000f4580000,0x00000000f4880000,0x00000000f5b80000)
  to   space 27648K, 0% used [0x00000000f2580000,0x00000000f2580000,0x00000000f4080000)
 ParOldGen       total 121856K, used 33730K [0x00000000a0000000, 0x00000000a7700000, 0x00000000e0000000)
  object space 121856K, 27% used [0x00000000a0000000,0x00000000a20f0980,0x00000000a7700000)
 Metaspace       used 64487K, capacity 66744K, committed 67072K, reserved 1107968K
  class space    used 7953K, capacity 8321K, committed 8448K, reserved 1048576K
}
Event: 354.642 GC heap before
{Heap before GC invocations=26 (full 5):
 PSYoungGen      total 323072K, used 240459K [0x00000000e0000000, 0x00000000f5b80000, 0x0000000100000000)
  eden space 300544K, 78% used [0x00000000e0000000,0x00000000ee7d2c90,0x00000000f2580000)
  from space 22528K, 13% used [0x00000000f4580000,0x00000000f4880000,0x00000000f5b80000)
  to   space 27648K, 0% used [0x00000000f2580000,0x00000000f2580000,0x00000000f4080000)
 ParOldGen       total 121856K, used 33730K [0x00000000a0000000, 0x00000000a7700000, 0x00000000e0000000)
  object space 121856K, 27% used [0x00000000a0000000,0x00000000a20f0980,0x00000000a7700000)
 Metaspace       used 64599K, capacity 66954K, committed 67328K, reserved 1107968K
  class space    used 7954K, capacity 8323K, committed 8448K, reserved 1048576K
Event: 354.649 GC heap after
Heap after GC invocations=26 (full 5):
 PSYoungGen      total 302592K, used 1696K [0x00000000e0000000, 0x00000000f5a80000, 0x0000000100000000)
  eden space 300544K, 0% used [0x00000000e0000000,0x00000000e0000000,0x00000000f2580000)
  from space 2048K, 82% used [0x00000000f2580000,0x00000000f2728020,0x00000000f2780000)
  to   space 27136K, 0% used [0x00000000f4000000,0x00000000f4000000,0x00000000f5a80000)
 ParOldGen       total 121856K, used 33738K [0x00000000a0000000, 0x00000000a7700000, 0x00000000e0000000)
  object space 121856K, 27% used [0x00000000a0000000,0x00000000a20f2980,0x00000000a7700000)
 Metaspace       used 64599K, capacity 66954K, committed 67328K, reserved 1107968K
  class space    used 7954K, capacity 8323K, committed 8448K, reserved 1048576K
}
Event: 354.649 GC heap before
{Heap before GC invocations=27 (full 6):
 PSYoungGen      total 302592K, used 1696K [0x00000000e0000000, 0x00000000f5a80000, 0x0000000100000000)
  eden space 300544K, 0% used [0x00000000e0000000,0x00000000e0000000,0x00000000f2580000)
  from space 2048K, 82% used [0x00000000f2580000,0x00000000f2728020,0x00000000f2780000)
  to   space 27136K, 0% used [0x00000000f4000000,0x00000000f4000000,0x00000000f5a80000)
 ParOldGen       total 121856K, used 33738K [0x00000000a0000000, 0x00000000a7700000, 0x00000000e0000000)
  object space 121856K, 27% used [0x00000000a0000000,0x00000000a20f2980,0x00000000a7700000)
 Metaspace       used 64599K, capacity 66954K, committed 67328K, reserved 1107968K
  class space    used 7954K, capacity 8323K, committed 8448K, reserved 1048576K
Event: 354.867 GC heap after
Heap after GC invocations=27 (full 6):
 PSYoungGen      total 302592K, used 0K [0x00000000e0000000, 0x00000000f5a80000, 0x0000000100000000)
  eden space 300544K, 0% used [0x00000000e0000000,0x00000000e0000000,0x00000000f2580000)
  from space 2048K, 0% used [0x00000000f2580000,0x00000000f2580000,0x00000000f2780000)
  to   space 27136K, 0% used [0x00000000f4000000,0x00000000f4000000,0x00000000f5a80000)
 ParOldGen       total 121856K, used 34744K [0x00000000a0000000, 0x00000000a7700000, 0x00000000e0000000)
  object space 121856K, 28% used [0x00000000a0000000,0x00000000a21ee358,0x00000000a7700000)
 Metaspace       used 64599K, capacity 66954K, committed 67328K, reserved 1107968K
  class space    used 7954K, capacity 8323K, committed 8448K, reserved 1048576K
}
Event: 459.702 GC heap before
{Heap before GC invocations=28 (full 6):
 PSYoungGen      total 302592K, used 300544K [0x00000000e0000000, 0x00000000f5a80000, 0x0000000100000000)
  eden space 300544K, 100% used [0x00000000e0000000,0x00000000f2580000,0x00000000f2580000)
  from space 2048K, 0% used [0x00000000f2580000,0x00000000f2580000,0x00000000f2780000)
  to   space 27136K, 0% used [0x00000000f4000000,0x00000000f4000000,0x00000000f5a80000)
 ParOldGen       total 121856K, used 34744K [0x00000000a0000000, 0x00000000a7700000, 0x00000000e0000000)
  object space 121856K, 28% used [0x00000000a0000000,0x00000000a21ee358,0x00000000a7700000)
 Metaspace       used 65246K, capacity 68014K, committed 68224K, reserved 1110016K
  class space    used 8032K, capacity 8460K, committed 8576K, reserved 1048576K
Event: 459.727 GC heap after
Heap after GC invocations=28 (full 6):
 PSYoungGen      total 327168K, used 15315K [0x00000000e0000000, 0x00000000f6a00000, 0x0000000100000000)
  eden space 300032K, 0% used [0x00000000e0000000,0x00000000e0000000,0x00000000f2500000)
  from space 27136K, 56% used [0x00000000f4000000,0x00000000f4ef4d60,0x00000000f5a80000)
  to   space 27648K, 0% used [0x00000000f2500000,0x00000000f2500000,0x00000000f4000000)
 ParOldGen       total 121856K, used 34752K [0x00000000a0000000, 0x00000000a7700000, 0x00000000e0000000)
  object space 121856K, 28% used [0x00000000a0000000,0x00000000a21f0358,0x00000000a7700000)
 Metaspace       used 65246K, capacity 68014K, committed 68224K, reserved 1110016K
  class space    used 8032K, capacity 8460K, committed 8576K, reserved 1048576K
}

