# JRE version: OpenJDK Runtime Environment (8.0_76-b03) (build 1.8.0_76-release-b03)
# Java VM: OpenJDK 64-Bit Server VM (25.76-b03 mixed mode windows-amd64 compressed oops)
Heap:
 PSYoungGen      total 423936K, used 42798K [0x00000000e0000000, 0x00000000fc900000, 0x0000000100000000)
  eden space 380928K, 11% used [0x00000000e0000000,0x00000000e29cb860,0x00000000f7400000)
  from space 43008K, 0% used [0x00000000f7400000,0x00000000f7400000,0x00000000f9e00000)
  to   space 43520K, 0% used [0x00000000f9e80000,0x00000000f9e80000,0x00000000fc900000)
 ParOldGen       total 157696K, used 33676K [0x00000000a0000000, 0x00000000a9a00000, 0x00000000e0000000)
  object space 157696K, 21% used [0x00000000a0000000,0x00000000a20e3108,0x00000000a9a00000)
 Metaspace       used 58442K, capacity 60126K, committed 60416K, reserved 1101824K
  class space    used 7539K, capacity 7895K, committed 7936K, reserved 1048576K
GC Heap History (10 events):
Event: 20.646 GC heap before
{Heap before GC invocations=21 (full 3):
 PSYoungGen      total 290816K, used 288903K [0x00000000e0000000, 0x00000000f8880000, 0x0000000100000000)
  eden space 253440K, 100% used [0x00000000e0000000,0x00000000ef780000,0x00000000ef780000)
  from space 37376K, 94% used [0x00000000ef780000,0x00000000f1a21e80,0x00000000f1c00000)
  to   space 42496K, 0% used [0x00000000f5f00000,0x00000000f5f00000,0x00000000f8880000)
 ParOldGen       total 157696K, used 67019K [0x00000000a0000000, 0x00000000a9a00000, 0x00000000e0000000)
  object space 157696K, 42% used [0x00000000a0000000,0x00000000a4172dd8,0x00000000a9a00000)
 Metaspace       used 55493K, capacity 56962K, committed 57216K, reserved 1099776K
  class space    used 7182K, capacity 7501K, committed 7552K, reserved 1048576K
Event: 20.716 GC heap after
Heap after GC invocations=21 (full 3):
 PSYoungGen      total 357376K, used 26632K [0x00000000e0000000, 0x00000000f8800000, 0x0000000100000000)
  eden space 315392K, 0% used [0x00000000e0000000,0x00000000e0000000,0x00000000f3400000)
  from space 41984K, 63% used [0x00000000f5f00000,0x00000000f7902288,0x00000000f8800000)
  to   space 43008K, 0% used [0x00000000f3400000,0x00000000f3400000,0x00000000f5e00000)
 ParOldGen       total 157696K, used 83526K [0x00000000a0000000, 0x00000000a9a00000, 0x00000000e0000000)
  object space 157696K, 52% used [0x00000000a0000000,0x00000000a5191a78,0x00000000a9a00000)
 Metaspace       used 55493K, capacity 56962K, committed 57216K, reserved 1099776K
  class space    used 7182K, capacity 7501K, committed 7552K, reserved 1048576K
}
Event: 22.771 GC heap before
{Heap before GC invocations=22 (full 3):
 PSYoungGen      total 357376K, used 342024K [0x00000000e0000000, 0x00000000f8800000, 0x0000000100000000)
  eden space 315392K, 100% used [0x00000000e0000000,0x00000000f3400000,0x00000000f3400000)
  from space 41984K, 63% used [0x00000000f5f00000,0x00000000f7902288,0x00000000f8800000)
  to   space 43008K, 0% used [0x00000000f3400000,0x00000000f3400000,0x00000000f5e00000)
 ParOldGen       total 157696K, used 83526K [0x00000000a0000000, 0x00000000a9a00000, 0x00000000e0000000)
  object space 157696K, 52% used [0x00000000a0000000,0x00000000a5191a78,0x00000000a9a00000)
 Metaspace       used 55546K, capacity 57026K, committed 57216K, reserved 1099776K
  class space    used 7183K, capacity 7501K, committed 7552K, reserved 1048576K
Event: 22.837 GC heap after
Heap after GC invocations=22 (full 3):
 PSYoungGen      total 358400K, used 15528K [0x00000000e0000000, 0x00000000fcc00000, 0x0000000100000000)
  eden space 315392K, 0% used [0x00000000e0000000,0x00000000e0000000,0x00000000f3400000)
  from space 43008K, 36% used [0x00000000f3400000,0x00000000f432a028,0x00000000f5e00000)
  to   space 41472K, 0% used [0x00000000fa380000,0x00000000fa380000,0x00000000fcc00000)
 ParOldGen       total 157696K, used 97960K [0x00000000a0000000, 0x00000000a9a00000, 0x00000000e0000000)
  object space 157696K, 62% used [0x00000000a0000000,0x00000000a5faa1e8,0x00000000a9a00000)
 Metaspace       used 55546K, capacity 57026K, committed 57216K, reserved 1099776K
  class space    used 7183K, capacity 7501K, committed 7552K, reserved 1048576K
}
Event: 25.412 GC heap before
{Heap before GC invocations=23 (full 3):
 PSYoungGen      total 358400K, used 330920K [0x00000000e0000000, 0x00000000fcc00000, 0x0000000100000000)
  eden space 315392K, 100% used [0x00000000e0000000,0x00000000f3400000,0x00000000f3400000)
  from space 43008K, 36% used [0x00000000f3400000,0x00000000f432a028,0x00000000f5e00000)
  to   space 41472K, 0% used [0x00000000fa380000,0x00000000fa380000,0x00000000fcc00000)
 ParOldGen       total 157696K, used 97960K [0x00000000a0000000, 0x00000000a9a00000, 0x00000000e0000000)
  object space 157696K, 62% used [0x00000000a0000000,0x00000000a5faa1e8,0x00000000a9a00000)
 Metaspace       used 56652K, capacity 58160K, committed 58368K, reserved 1099776K
  class space    used 7334K, capacity 7680K, committed 7680K, reserved 1048576K
Event: 25.446 GC heap after
Heap after GC invocations=23 (full 3):
 PSYoungGen      total 418304K, used 29036K [0x00000000e0000000, 0x00000000fc800000, 0x0000000100000000)
  eden space 380928K, 0% used [0x00000000e0000000,0x00000000e0000000,0x00000000f7400000)
  from space 37376K, 77% used [0x00000000fa380000,0x00000000fbfdb268,0x00000000fc800000)
  to   space 43008K, 0% used [0x00000000f7400000,0x00000000f7400000,0x00000000f9e00000)
 ParOldGen       total 157696K, used 102023K [0x00000000a0000000, 0x00000000a9a00000, 0x00000000e0000000)
  object space 157696K, 64% used [0x00000000a0000000,0x00000000a63a1f98,0x00000000a9a00000)
 Metaspace       used 56652K, capacity 58160K, committed 58368K, reserved 1099776K
  class space    used 7334K, capacity 7680K, committed 7680K, reserved 1048576K
}
Event: 26.343 GC heap before
{Heap before GC invocations=24 (full 3):
 PSYoungGen      total 418304K, used 373724K [0x00000000e0000000, 0x00000000fc800000, 0x0000000100000000)
  eden space 380928K, 90% used [0x00000000e0000000,0x00000000f509c120,0x00000000f7400000)
  from space 37376K, 77% used [0x00000000fa380000,0x00000000fbfdb268,0x00000000fc800000)
  to   space 43008K, 0% used [0x00000000f7400000,0x00000000f7400000,0x00000000f9e00000)
 ParOldGen       total 157696K, used 102023K [0x00000000a0000000, 0x00000000a9a00000, 0x00000000e0000000)
  object space 157696K, 64% used [0x00000000a0000000,0x00000000a63a1f98,0x00000000a9a00000)
 Metaspace       used 58282K, capacity 59902K, committed 60160K, reserved 1101824K
  class space    used 7520K, capacity 7875K, committed 7936K, reserved 1048576K
Event: 26.350 GC heap after
Heap after GC invocations=24 (full 3):
 PSYoungGen      total 423936K, used 1573K [0x00000000e0000000, 0x00000000fc900000, 0x0000000100000000)
  eden space 380928K, 0% used [0x00000000e0000000,0x00000000e0000000,0x00000000f7400000)
  from space 43008K, 3% used [0x00000000f7400000,0x00000000f7589560,0x00000000f9e00000)
  to   space 43520K, 0% used [0x00000000f9e80000,0x00000000f9e80000,0x00000000fc900000)
 ParOldGen       total 157696K, used 103766K [0x00000000a0000000, 0x00000000a9a00000, 0x00000000e0000000)
  object space 157696K, 65% used [0x00000000a0000000,0x00000000a6555be8,0x00000000a9a00000)
 Metaspace       used 58282K, capacity 59902K, committed 60160K, reserved 1101824K
  class space    used 7520K, capacity 7875K, committed 7936K, reserved 1048576K
}
Event: 26.350 GC heap before
{Heap before GC invocations=25 (full 4):
 PSYoungGen      total 423936K, used 1573K [0x00000000e0000000, 0x00000000fc900000, 0x0000000100000000)
  eden space 380928K, 0% used [0x00000000e0000000,0x00000000e0000000,0x00000000f7400000)
  from space 43008K, 3% used [0x00000000f7400000,0x00000000f7589560,0x00000000f9e00000)
  to   space 43520K, 0% used [0x00000000f9e80000,0x00000000f9e80000,0x00000000fc900000)
 ParOldGen       total 157696K, used 103766K [0x00000000a0000000, 0x00000000a9a00000, 0x00000000e0000000)
  object space 157696K, 65% used [0x00000000a0000000,0x00000000a6555be8,0x00000000a9a00000)
 Metaspace       used 58282K, capacity 59902K, committed 60160K, reserved 1101824K
  class space    used 7520K, capacity 7875K, committed 7936K, reserved 1048576K
Event: 26.541 GC heap after
Heap after GC invocations=25 (full 4):
 PSYoungGen      total 423936K, used 0K [0x00000000e0000000, 0x00000000fc900000, 0x0000000100000000)
  eden space 380928K, 0% used [0x00000000e0000000,0x00000000e0000000,0x00000000f7400000)
  from space 43008K, 0% used [0x00000000f7400000,0x00000000f7400000,0x00000000f9e00000)
  to   space 43520K, 0% used [0x00000000f9e80000,0x00000000f9e80000,0x00000000fc900000)
 ParOldGen       total 157696K, used 33676K [0x00000000a0000000, 0x00000000a9a00000, 0x00000000e0000000)
  object space 157696K, 21% used [0x00000000a0000000,0x00000000a20e3108,0x00000000a9a00000)
 Metaspace       used 58282K, capacity 59902K, committed 60160K, reserved 1101824K
  class space    used 7520K, capacity 7875K, committed 7936K, reserved 1048576K
}

