# JRE version: OpenJDK Runtime Environment (8.0_76-b03) (build 1.8.0_76-release-b03)
# Java VM: OpenJDK 64-Bit Server VM (25.76-b03 mixed mode windows-amd64 compressed oops)
Heap:
 PSYoungGen      total 243200K, used 7441K [0x00000000e0000000, 0x00000000f3b00000, 0x0000000100000000)
  eden space 221696K, 3% used [0x00000000e0000000,0x00000000e0744620,0x00000000ed880000)
  from space 21504K, 0% used [0x00000000ed880000,0x00000000ed880000,0x00000000eed80000)
  to   space 26624K, 0% used [0x00000000f2100000,0x00000000f2100000,0x00000000f3b00000)
 ParOldGen       total 155648K, used 48320K [0x00000000a0000000, 0x00000000a9800000, 0x00000000e0000000)
  object space 155648K, 31% used [0x00000000a0000000,0x00000000a2f302c8,0x00000000a9800000)
 Metaspace       used 58018K, capacity 59522K, committed 59648K, reserved 1101824K
  class space    used 7522K, capacity 7865K, committed 7936K, reserved 1048576K
GC Heap History (10 events):
Event: 7.337 GC heap before
{Heap before GC invocations=10 (full 2):
 PSYoungGen      total 144896K, used 132608K [0x00000000e0000000, 0x00000000ecd80000, 0x0000000100000000)
  eden space 132608K, 100% used [0x00000000e0000000,0x00000000e8180000,0x00000000e8180000)
  from space 12288K, 0% used [0x00000000e8180000,0x00000000e8180000,0x00000000e8d80000)
  to   space 11776K, 0% used [0x00000000ec200000,0x00000000ec200000,0x00000000ecd80000)
 ParOldGen       total 85504K, used 15511K [0x00000000a0000000, 0x00000000a5380000, 0x00000000e0000000)
  object space 85504K, 18% used [0x00000000a0000000,0x00000000a0f25c70,0x00000000a5380000)
 Metaspace       used 43493K, capacity 44328K, committed 44672K, reserved 1087488K
  class space    used 5752K, capacity 5980K, committed 6016K, reserved 1048576K
Event: 7.355 GC heap after
Heap after GC invocations=10 (full 2):
 PSYoungGen      total 196608K, used 11208K [0x00000000e0000000, 0x00000000ece80000, 0x0000000100000000)
  eden space 184832K, 0% used [0x00000000e0000000,0x00000000e0000000,0x00000000eb480000)
  from space 11776K, 95% used [0x00000000ec200000,0x00000000eccf2288,0x00000000ecd80000)
  to   space 13312K, 0% used [0x00000000eb480000,0x00000000eb480000,0x00000000ec180000)
 ParOldGen       total 85504K, used 15519K [0x00000000a0000000, 0x00000000a5380000, 0x00000000e0000000)
  object space 85504K, 18% used [0x00000000a0000000,0x00000000a0f27c70,0x00000000a5380000)
 Metaspace       used 43493K, capacity 44328K, committed 44672K, reserved 1087488K
  class space    used 5752K, capacity 5980K, committed 6016K, reserved 1048576K
}
Event: 11.475 GC heap before
{Heap before GC invocations=11 (full 2):
 PSYoungGen      total 196608K, used 196040K [0x00000000e0000000, 0x00000000ece80000, 0x0000000100000000)
  eden space 184832K, 100% used [0x00000000e0000000,0x00000000eb480000,0x00000000eb480000)
  from space 11776K, 95% used [0x00000000ec200000,0x00000000eccf2288,0x00000000ecd80000)
  to   space 13312K, 0% used [0x00000000eb480000,0x00000000eb480000,0x00000000ec180000)
 ParOldGen       total 85504K, used 15519K [0x00000000a0000000, 0x00000000a5380000, 0x00000000e0000000)
  object space 85504K, 18% used [0x00000000a0000000,0x00000000a0f27c70,0x00000000a5380000)
 Metaspace       used 51012K, capacity 52318K, committed 52608K, reserved 1095680K
  class space    used 6721K, capacity 7025K, committed 7040K, reserved 1048576K
Event: 11.506 GC heap after
Heap after GC invocations=11 (full 2):
 PSYoungGen      total 198144K, used 13298K [0x00000000e0000000, 0x00000000f0200000, 0x0000000100000000)
  eden space 184832K, 0% used [0x00000000e0000000,0x00000000e0000000,0x00000000eb480000)
  from space 13312K, 99% used [0x00000000eb480000,0x00000000ec17c8e0,0x00000000ec180000)
  to   space 19968K, 0% used [0x00000000eee80000,0x00000000eee80000,0x00000000f0200000)
 ParOldGen       total 85504K, used 28784K [0x00000000a0000000, 0x00000000a5380000, 0x00000000e0000000)
  object space 85504K, 33% used [0x00000000a0000000,0x00000000a1c1c1e8,0x00000000a5380000)
 Metaspace       used 51012K, capacity 52318K, committed 52608K, reserved 1095680K
  class space    used 6721K, capacity 7025K, committed 7040K, reserved 1048576K
}
Event: 14.905 GC heap before
{Heap before GC invocations=12 (full 2):
 PSYoungGen      total 198144K, used 198130K [0x00000000e0000000, 0x00000000f0200000, 0x0000000100000000)
  eden space 184832K, 100% used [0x00000000e0000000,0x00000000eb480000,0x00000000eb480000)
  from space 13312K, 99% used [0x00000000eb480000,0x00000000ec17c8e0,0x00000000ec180000)
  to   space 19968K, 0% used [0x00000000eee80000,0x00000000eee80000,0x00000000f0200000)
 ParOldGen       total 85504K, used 28784K [0x00000000a0000000, 0x00000000a5380000, 0x00000000e0000000)
  object space 85504K, 33% used [0x00000000a0000000,0x00000000a1c1c1e8,0x00000000a5380000)
 Metaspace       used 51419K, capacity 52792K, committed 52992K, reserved 1095680K
  class space    used 6753K, capacity 7070K, committed 7168K, reserved 1048576K
Event: 14.938 GC heap after
Heap after GC invocations=12 (full 2):
 PSYoungGen      total 241664K, used 15818K [0x00000000e0000000, 0x00000000f0280000, 0x0000000100000000)
  eden space 221696K, 0% used [0x00000000e0000000,0x00000000e0000000,0x00000000ed880000)
  from space 19968K, 79% used [0x00000000eee80000,0x00000000efdf2848,0x00000000f0200000)
  to   space 21504K, 0% used [0x00000000ed880000,0x00000000ed880000,0x00000000eed80000)
 ParOldGen       total 85504K, used 28792K [0x00000000a0000000, 0x00000000a5380000, 0x00000000e0000000)
  object space 85504K, 33% used [0x00000000a0000000,0x00000000a1c1e1e8,0x00000000a5380000)
 Metaspace       used 51419K, capacity 52792K, committed 52992K, reserved 1095680K
  class space    used 6753K, capacity 7070K, committed 7168K, reserved 1048576K
}
Event: 21.035 GC heap before
{Heap before GC invocations=13 (full 2):
 PSYoungGen      total 241664K, used 219980K [0x00000000e0000000, 0x00000000f0280000, 0x0000000100000000)
  eden space 221696K, 92% used [0x00000000e0000000,0x00000000ec760a60,0x00000000ed880000)
  from space 19968K, 79% used [0x00000000eee80000,0x00000000efdf2848,0x00000000f0200000)
  to   space 21504K, 0% used [0x00000000ed880000,0x00000000ed880000,0x00000000eed80000)
 ParOldGen       total 85504K, used 28792K [0x00000000a0000000, 0x00000000a5380000, 0x00000000e0000000)
  object space 85504K, 33% used [0x00000000a0000000,0x00000000a1c1e1e8,0x00000000a5380000)
 Metaspace       used 57484K, capacity 59004K, committed 59136K, reserved 1099776K
  class space    used 7489K, capacity 7838K, committed 7936K, reserved 1048576K
Event: 21.168 GC heap after
Heap after GC invocations=13 (full 2):
 PSYoungGen      total 243200K, used 21499K [0x00000000e0000000, 0x00000000f3b00000, 0x0000000100000000)
  eden space 221696K, 0% used [0x00000000e0000000,0x00000000e0000000,0x00000000ed880000)
  from space 21504K, 99% used [0x00000000ed880000,0x00000000eed7ecc8,0x00000000eed80000)
  to   space 26624K, 0% used [0x00000000f2100000,0x00000000f2100000,0x00000000f3b00000)
 ParOldGen       total 85504K, used 35572K [0x00000000a0000000, 0x00000000a5380000, 0x00000000e0000000)
  object space 85504K, 41% used [0x00000000a0000000,0x00000000a22bd160,0x00000000a5380000)
 Metaspace       used 57484K, capacity 59004K, committed 59136K, reserved 1099776K
  class space    used 7489K, capacity 7838K, committed 7936K, reserved 1048576K
}
Event: 21.168 GC heap before
{Heap before GC invocations=14 (full 3):
 PSYoungGen      total 243200K, used 21499K [0x00000000e0000000, 0x00000000f3b00000, 0x0000000100000000)
  eden space 221696K, 0% used [0x00000000e0000000,0x00000000e0000000,0x00000000ed880000)
  from space 21504K, 99% used [0x00000000ed880000,0x00000000eed7ecc8,0x00000000eed80000)
  to   space 26624K, 0% used [0x00000000f2100000,0x00000000f2100000,0x00000000f3b00000)
 ParOldGen       total 85504K, used 35572K [0x00000000a0000000, 0x00000000a5380000, 0x00000000e0000000)
  object space 85504K, 41% used [0x00000000a0000000,0x00000000a22bd160,0x00000000a5380000)
 Metaspace       used 57484K, capacity 59004K, committed 59136K, reserved 1099776K
  class space    used 7489K, capacity 7838K, committed 7936K, reserved 1048576K
Event: 25.792 GC heap after
Heap after GC invocations=14 (full 3):
 PSYoungGen      total 243200K, used 0K [0x00000000e0000000, 0x00000000f3b00000, 0x0000000100000000)
  eden space 221696K, 0% used [0x00000000e0000000,0x00000000e0000000,0x00000000ed880000)
  from space 21504K, 0% used [0x00000000ed880000,0x00000000ed880000,0x00000000eed80000)
  to   space 26624K, 0% used [0x00000000f2100000,0x00000000f2100000,0x00000000f3b00000)
 ParOldGen       total 155648K, used 48320K [0x00000000a0000000, 0x00000000a9800000, 0x00000000e0000000)
  object space 155648K, 31% used [0x00000000a0000000,0x00000000a2f302c8,0x00000000a9800000)
 Metaspace       used 57475K, capacity 58978K, committed 59136K, reserved 1099776K
  class space    used 7486K, capacity 7833K, committed 7936K, reserved 1048576K
}

