# JRE version: OpenJDK Runtime Environment (8.0_76-b03) (build 1.8.0_76-release-b03)
# Java VM: OpenJDK 64-Bit Server VM (25.76-b03 mixed mode windows-amd64 compressed oops)
Heap:
 PSYoungGen      total 285184K, used 12369K [0x00000000e0000000, 0x00000000f9400000, 0x0000000100000000)
  eden space 263680K, 4% used [0x00000000e0000000,0x00000000e0c146e8,0x00000000f0180000)
  from space 21504K, 0% used [0x00000000f0180000,0x00000000f0180000,0x00000000f1680000)
  to   space 18944K, 0% used [0x00000000f1680000,0x00000000f1680000,0x00000000f2900000)
 ParOldGen       total 108544K, used 36534K [0x00000000a0000000, 0x00000000a6a00000, 0x00000000e0000000)
  object space 108544K, 33% used [0x00000000a0000000,0x00000000a23ada40,0x00000000a6a00000)
 Metaspace       used 63383K, capacity 65156K, committed 65328K, reserved 1105920K
  class space    used 7890K, capacity 8238K, committed 8240K, reserved 1048576K
GC Heap History (10 events):
Event: 13.545 GC heap before
{Heap before GC invocations=18 (full 4):
 PSYoungGen      total 283136K, used 13127K [0x00000000e0000000, 0x00000000f2900000, 0x0000000100000000)
  eden space 264192K, 0% used [0x00000000e0000000,0x00000000e0000000,0x00000000f0200000)
  from space 18944K, 69% used [0x00000000f1680000,0x00000000f2351de0,0x00000000f2900000)
  to   space 19968K, 0% used [0x00000000f0200000,0x00000000f0200000,0x00000000f1580000)
 ParOldGen       total 108544K, used 37663K [0x00000000a0000000, 0x00000000a6a00000, 0x00000000e0000000)
  object space 108544K, 34% used [0x00000000a0000000,0x00000000a24c7c18,0x00000000a6a00000)
 Metaspace       used 61235K, capacity 62714K, committed 62896K, reserved 1103872K
  class space    used 7774K, capacity 8086K, committed 8112K, reserved 1048576K
Event: 13.721 GC heap after
Heap after GC invocations=18 (full 4):
 PSYoungGen      total 283136K, used 0K [0x00000000e0000000, 0x00000000f2900000, 0x0000000100000000)
  eden space 264192K, 0% used [0x00000000e0000000,0x00000000e0000000,0x00000000f0200000)
  from space 18944K, 0% used [0x00000000f1680000,0x00000000f1680000,0x00000000f2900000)
  to   space 19968K, 0% used [0x00000000f0200000,0x00000000f0200000,0x00000000f1580000)
 ParOldGen       total 108544K, used 34919K [0x00000000a0000000, 0x00000000a6a00000, 0x00000000e0000000)
  object space 108544K, 32% used [0x00000000a0000000,0x00000000a2219f48,0x00000000a6a00000)
 Metaspace       used 61235K, capacity 62714K, committed 62896K, reserved 1103872K
  class space    used 7774K, capacity 8086K, committed 8112K, reserved 1048576K
}
Event: 65.994 GC heap before
{Heap before GC invocations=19 (full 4):
 PSYoungGen      total 283136K, used 264192K [0x00000000e0000000, 0x00000000f2900000, 0x0000000100000000)
  eden space 264192K, 100% used [0x00000000e0000000,0x00000000f0200000,0x00000000f0200000)
  from space 18944K, 0% used [0x00000000f1680000,0x00000000f1680000,0x00000000f2900000)
  to   space 19968K, 0% used [0x00000000f0200000,0x00000000f0200000,0x00000000f1580000)
 ParOldGen       total 108544K, used 34919K [0x00000000a0000000, 0x00000000a6a00000, 0x00000000e0000000)
  object space 108544K, 32% used [0x00000000a0000000,0x00000000a2219f48,0x00000000a6a00000)
 Metaspace       used 62196K, capacity 63800K, committed 64048K, reserved 1105920K
  class space    used 7807K, capacity 8122K, committed 8240K, reserved 1048576K
Event: 66.017 GC heap after
Heap after GC invocations=19 (full 4):
 PSYoungGen      total 284160K, used 16536K [0x00000000e0000000, 0x00000000f2900000, 0x0000000100000000)
  eden space 264192K, 0% used [0x00000000e0000000,0x00000000e0000000,0x00000000f0200000)
  from space 19968K, 82% used [0x00000000f0200000,0x00000000f1226288,0x00000000f1580000)
  to   space 18944K, 0% used [0x00000000f1680000,0x00000000f1680000,0x00000000f2900000)
 ParOldGen       total 108544K, used 34927K [0x00000000a0000000, 0x00000000a6a00000, 0x00000000e0000000)
  object space 108544K, 32% used [0x00000000a0000000,0x00000000a221bf48,0x00000000a6a00000)
 Metaspace       used 62196K, capacity 63800K, committed 64048K, reserved 1105920K
  class space    used 7807K, capacity 8122K, committed 8240K, reserved 1048576K
}
Event: 158.568 GC heap before
{Heap before GC invocations=20 (full 4):
 PSYoungGen      total 284160K, used 280728K [0x00000000e0000000, 0x00000000f2900000, 0x0000000100000000)
  eden space 264192K, 100% used [0x00000000e0000000,0x00000000f0200000,0x00000000f0200000)
  from space 19968K, 82% used [0x00000000f0200000,0x00000000f1226288,0x00000000f1580000)
  to   space 18944K, 0% used [0x00000000f1680000,0x00000000f1680000,0x00000000f2900000)
 ParOldGen       total 108544K, used 34927K [0x00000000a0000000, 0x00000000a6a00000, 0x00000000e0000000)
  object space 108544K, 32% used [0x00000000a0000000,0x00000000a221bf48,0x00000000a6a00000)
 Metaspace       used 62830K, capacity 64532K, committed 64816K, reserved 1105920K
  class space    used 7839K, capacity 8166K, committed 8240K, reserved 1048576K
Event: 158.577 GC heap after
Heap after GC invocations=20 (full 4):
 PSYoungGen      total 282624K, used 2912K [0x00000000e0000000, 0x00000000f9400000, 0x0000000100000000)
  eden space 263680K, 0% used [0x00000000e0000000,0x00000000e0000000,0x00000000f0180000)
  from space 18944K, 15% used [0x00000000f1680000,0x00000000f1958000,0x00000000f2900000)
  to   space 21504K, 0% used [0x00000000f0180000,0x00000000f0180000,0x00000000f1680000)
 ParOldGen       total 108544K, used 35505K [0x00000000a0000000, 0x00000000a6a00000, 0x00000000e0000000)
  object space 108544K, 32% used [0x00000000a0000000,0x00000000a22ac5a8,0x00000000a6a00000)
 Metaspace       used 62830K, capacity 64532K, committed 64816K, reserved 1105920K
  class space    used 7839K, capacity 8166K, committed 8240K, reserved 1048576K
}
Event: 161.228 GC heap before
{Heap before GC invocations=21 (full 4):
 PSYoungGen      total 282624K, used 39506K [0x00000000e0000000, 0x00000000f9400000, 0x0000000100000000)
  eden space 263680K, 13% used [0x00000000e0000000,0x00000000e23bc998,0x00000000f0180000)
  from space 18944K, 15% used [0x00000000f1680000,0x00000000f1958000,0x00000000f2900000)
  to   space 21504K, 0% used [0x00000000f0180000,0x00000000f0180000,0x00000000f1680000)
 ParOldGen       total 108544K, used 35505K [0x00000000a0000000, 0x00000000a6a00000, 0x00000000e0000000)
  object space 108544K, 32% used [0x00000000a0000000,0x00000000a22ac5a8,0x00000000a6a00000)
 Metaspace       used 63015K, capacity 64798K, committed 65072K, reserved 1105920K
  class space    used 7849K, capacity 8205K, committed 8240K, reserved 1048576K
Event: 161.250 GC heap after
Heap after GC invocations=21 (full 4):
 PSYoungGen      total 285184K, used 2464K [0x00000000e0000000, 0x00000000f9400000, 0x0000000100000000)
  eden space 263680K, 0% used [0x00000000e0000000,0x00000000e0000000,0x00000000f0180000)
  from space 21504K, 11% used [0x00000000f0180000,0x00000000f03e8000,0x00000000f1680000)
  to   space 18944K, 0% used [0x00000000f1680000,0x00000000f1680000,0x00000000f2900000)
 ParOldGen       total 108544K, used 36437K [0x00000000a0000000, 0x00000000a6a00000, 0x00000000e0000000)
  object space 108544K, 33% used [0x00000000a0000000,0x00000000a2395608,0x00000000a6a00000)
 Metaspace       used 63015K, capacity 64798K, committed 65072K, reserved 1105920K
  class space    used 7849K, capacity 8205K, committed 8240K, reserved 1048576K
}
Event: 161.250 GC heap before
{Heap before GC invocations=22 (full 5):
 PSYoungGen      total 285184K, used 2464K [0x00000000e0000000, 0x00000000f9400000, 0x0000000100000000)
  eden space 263680K, 0% used [0x00000000e0000000,0x00000000e0000000,0x00000000f0180000)
  from space 21504K, 11% used [0x00000000f0180000,0x00000000f03e8000,0x00000000f1680000)
  to   space 18944K, 0% used [0x00000000f1680000,0x00000000f1680000,0x00000000f2900000)
 ParOldGen       total 108544K, used 36437K [0x00000000a0000000, 0x00000000a6a00000, 0x00000000e0000000)
  object space 108544K, 33% used [0x00000000a0000000,0x00000000a2395608,0x00000000a6a00000)
 Metaspace       used 63015K, capacity 64798K, committed 65072K, reserved 1105920K
  class space    used 7849K, capacity 8205K, committed 8240K, reserved 1048576K
Event: 161.639 GC heap after
Heap after GC invocations=22 (full 5):
 PSYoungGen      total 285184K, used 0K [0x00000000e0000000, 0x00000000f9400000, 0x0000000100000000)
  eden space 263680K, 0% used [0x00000000e0000000,0x00000000e0000000,0x00000000f0180000)
  from space 21504K, 0% used [0x00000000f0180000,0x00000000f0180000,0x00000000f1680000)
  to   space 18944K, 0% used [0x00000000f1680000,0x00000000f1680000,0x00000000f2900000)
 ParOldGen       total 108544K, used 36534K [0x00000000a0000000, 0x00000000a6a00000, 0x00000000e0000000)
  object space 108544K, 33% used [0x00000000a0000000,0x00000000a23ada40,0x00000000a6a00000)
 Metaspace       used 63015K, capacity 64798K, committed 65072K, reserved 1105920K
  class space    used 7849K, capacity 8205K, committed 8240K, reserved 1048576K
}

